[2017-02-09 14:16:09.954] [INFO] crash-log - [32m[C:\Users\pengy\Documents\GitHub\chatofpomelo-websocket\game-server\node_modules\pomelo\lib\master\master.js] [39m[gate],[gate-server-1],[1486620969954],[disconnect]
[2017-02-09 14:16:09.967] [INFO] crash-log - [32m[C:\Users\pengy\Documents\GitHub\chatofpomelo-websocket\game-server\node_modules\pomelo\lib\master\master.js] [39m[chat],[chat-server-3],[1486620969967],[disconnect]
[2017-02-09 14:16:09.972] [INFO] crash-log - [32m[C:\Users\pengy\Documents\GitHub\chatofpomelo-websocket\game-server\node_modules\pomelo\lib\master\master.js] [39m[chat],[chat-server-2],[1486620969972],[disconnect]
[2017-02-09 14:16:09.994] [INFO] crash-log - [32m[C:\Users\pengy\Documents\GitHub\chatofpomelo-websocket\game-server\node_modules\pomelo\lib\master\master.js] [39m[chat],[chat-server-1],[1486620969994],[disconnect]
[2017-02-09 14:16:10.014] [INFO] crash-log - [32m[C:\Users\pengy\Documents\GitHub\chatofpomelo-websocket\game-server\node_modules\pomelo\lib\master\master.js] [39m[connector],[connector-server-3],[1486620970014],[disconnect]
[2017-02-09 14:16:10.035] [INFO] crash-log - [32m[C:\Users\pengy\Documents\GitHub\chatofpomelo-websocket\game-server\node_modules\pomelo\lib\master\master.js] [39m[connector],[connector-server-2],[1486620970035],[disconnect]
[2017-02-09 14:16:10.055] [INFO] crash-log - [32m[C:\Users\pengy\Documents\GitHub\chatofpomelo-websocket\game-server\node_modules\pomelo\lib\master\master.js] [39m[connector],[connector-server-1],[1486620970055],[disconnect]
[2017-02-09 14:23:44.245] [INFO] crash-log - [32m[C:\Users\pengy\Documents\GitHub\chatofpomelo-websocket\game-server\node_modules\pomelo\lib\master\master.js] [39m[auth],[auth-server-1],[1486621424245],[disconnect]
[2017-02-09 14:23:44.261] [INFO] crash-log - [32m[C:\Users\pengy\Documents\GitHub\chatofpomelo-websocket\game-server\node_modules\pomelo\lib\master\master.js] [39m[gate],[gate-server-1],[1486621424261],[disconnect]
[2017-02-09 14:23:44.279] [INFO] crash-log - [32m[C:\Users\pengy\Documents\GitHub\chatofpomelo-websocket\game-server\node_modules\pomelo\lib\master\master.js] [39m[chat],[chat-server-3],[1486621424279],[disconnect]
[2017-02-09 14:23:44.288] [INFO] crash-log - [32m[C:\Users\pengy\Documents\GitHub\chatofpomelo-websocket\game-server\node_modules\pomelo\lib\master\master.js] [39m[chat],[chat-server-2],[1486621424288],[disconnect]
[2017-02-09 14:23:44.311] [INFO] crash-log - [32m[C:\Users\pengy\Documents\GitHub\chatofpomelo-websocket\game-server\node_modules\pomelo\lib\master\master.js] [39m[chat],[chat-server-1],[1486621424311],[disconnect]
[2017-02-09 14:23:44.330] [INFO] crash-log - [32m[C:\Users\pengy\Documents\GitHub\chatofpomelo-websocket\game-server\node_modules\pomelo\lib\master\master.js] [39m[connector],[connector-server-3],[1486621424330],[disconnect]
[2017-02-09 14:23:44.349] [INFO] crash-log - [32m[C:\Users\pengy\Documents\GitHub\chatofpomelo-websocket\game-server\node_modules\pomelo\lib\master\master.js] [39m[connector],[connector-server-2],[1486621424349],[disconnect]
[2017-02-09 14:23:44.373] [INFO] crash-log - [32m[C:\Users\pengy\Documents\GitHub\chatofpomelo-websocket\game-server\node_modules\pomelo\lib\master\master.js] [39m[connector],[connector-server-1],[1486621424373],[disconnect]
[2017-02-14 11:27:06.989] [INFO] crash-log - [32m[C:\Users\pengy\Documents\GitHub\chatofpomelo-websocket\game-server\node_modules\pomelo\lib\master\master.js] [39m[auth],[auth-server-1],[1487042826989],[disconnect]
[2017-02-14 11:27:06.989] [INFO] crash-log - [32m[C:\Users\pengy\Documents\GitHub\chatofpomelo-websocket\game-server\node_modules\pomelo\lib\master\master.js] [39m[gate],[gate-server-1],[1487042826989],[disconnect]
[2017-02-14 11:27:06.989] [INFO] crash-log - [32m[C:\Users\pengy\Documents\GitHub\chatofpomelo-websocket\game-server\node_modules\pomelo\lib\master\master.js] [39m[chat],[chat-server-3],[1487042826989],[disconnect]
[2017-02-14 11:27:07.005] [INFO] crash-log - [32m[C:\Users\pengy\Documents\GitHub\chatofpomelo-websocket\game-server\node_modules\pomelo\lib\master\master.js] [39m[chat],[chat-server-2],[1487042827005],[disconnect]
[2017-02-14 11:27:07.043] [INFO] crash-log - [32m[C:\Users\pengy\Documents\GitHub\chatofpomelo-websocket\game-server\node_modules\pomelo\lib\master\master.js] [39m[chat],[chat-server-1],[1487042827043],[disconnect]
[2017-02-14 11:27:07.074] [INFO] crash-log - [32m[C:\Users\pengy\Documents\GitHub\chatofpomelo-websocket\game-server\node_modules\pomelo\lib\master\master.js] [39m[connector],[connector-server-3],[1487042827074],[disconnect]
[2017-02-14 11:27:07.090] [INFO] crash-log - [32m[C:\Users\pengy\Documents\GitHub\chatofpomelo-websocket\game-server\node_modules\pomelo\lib\master\master.js] [39m[connector],[connector-server-2],[1487042827090],[disconnect]
[2017-02-14 11:27:07.125] [INFO] crash-log - [32m[C:\Users\pengy\Documents\GitHub\chatofpomelo-websocket\game-server\node_modules\pomelo\lib\master\master.js] [39m[connector],[connector-server-1],[1487042827125],[disconnect]
[2017-02-14 11:51:46.538] [INFO] crash-log - [32m[C:\Users\pengy\Documents\GitHub\serverChess\game-server\node_modules\.2.2.5@pomelo\lib\master\master.js] [39m[auth],[auth-server-1],[1487044306538],[disconnect]
[2017-02-14 11:51:46.554] [INFO] crash-log - [32m[C:\Users\pengy\Documents\GitHub\serverChess\game-server\node_modules\.2.2.5@pomelo\lib\master\master.js] [39m[chat],[chat-server-3],[1487044306554],[disconnect]
[2017-02-14 11:51:46.569] [INFO] crash-log - [32m[C:\Users\pengy\Documents\GitHub\serverChess\game-server\node_modules\.2.2.5@pomelo\lib\master\master.js] [39m[gate],[gate-server-1],[1487044306569],[disconnect]
[2017-02-14 11:51:46.600] [INFO] crash-log - [32m[C:\Users\pengy\Documents\GitHub\serverChess\game-server\node_modules\.2.2.5@pomelo\lib\master\master.js] [39m[chat],[chat-server-2],[1487044306600],[disconnect]
[2017-02-14 11:51:46.618] [INFO] crash-log - [32m[C:\Users\pengy\Documents\GitHub\serverChess\game-server\node_modules\.2.2.5@pomelo\lib\master\master.js] [39m[chat],[chat-server-1],[1487044306618],[disconnect]
[2017-02-14 11:51:46.623] [INFO] crash-log - [32m[C:\Users\pengy\Documents\GitHub\serverChess\game-server\node_modules\.2.2.5@pomelo\lib\master\master.js] [39m[connector],[connector-server-3],[1487044306623],[disconnect]
[2017-02-14 11:51:46.638] [INFO] crash-log - [32m[C:\Users\pengy\Documents\GitHub\serverChess\game-server\node_modules\.2.2.5@pomelo\lib\master\master.js] [39m[connector],[connector-server-2],[1487044306638],[disconnect]
[2017-02-14 11:51:46.654] [INFO] crash-log - [32m[C:\Users\pengy\Documents\GitHub\serverChess\game-server\node_modules\.2.2.5@pomelo\lib\master\master.js] [39m[connector],[connector-server-1],[1487044306654],[disconnect]
[2017-02-14 11:53:53.303] [INFO] crash-log - [32m[C:\Users\pengy\Documents\GitHub\serverChess\game-server\node_modules\.2.2.5@pomelo\lib\master\master.js] [39m[gate],[gate-server-1],[1487044433303],[disconnect]
[2017-02-14 11:53:53.303] [INFO] crash-log - [32m[C:\Users\pengy\Documents\GitHub\serverChess\game-server\node_modules\.2.2.5@pomelo\lib\master\master.js] [39m[auth],[auth-server-1],[1487044433303],[disconnect]
[2017-02-14 11:53:53.341] [INFO] crash-log - [32m[C:\Users\pengy\Documents\GitHub\serverChess\game-server\node_modules\.2.2.5@pomelo\lib\master\master.js] [39m[chat],[chat-server-3],[1487044433341],[disconnect]
[2017-02-14 11:53:53.357] [INFO] crash-log - [32m[C:\Users\pengy\Documents\GitHub\serverChess\game-server\node_modules\.2.2.5@pomelo\lib\master\master.js] [39m[chat],[chat-server-2],[1487044433357],[disconnect]
[2017-02-14 11:53:53.372] [INFO] crash-log - [32m[C:\Users\pengy\Documents\GitHub\serverChess\game-server\node_modules\.2.2.5@pomelo\lib\master\master.js] [39m[chat],[chat-server-1],[1487044433372],[disconnect]
[2017-02-14 11:53:53.372] [INFO] crash-log - [32m[C:\Users\pengy\Documents\GitHub\serverChess\game-server\node_modules\.2.2.5@pomelo\lib\master\master.js] [39m[connector],[connector-server-3],[1487044433372],[disconnect]
[2017-02-14 11:53:53.404] [INFO] crash-log - [32m[C:\Users\pengy\Documents\GitHub\serverChess\game-server\node_modules\.2.2.5@pomelo\lib\master\master.js] [39m[connector],[connector-server-2],[1487044433404],[disconnect]
[2017-02-14 11:53:53.419] [INFO] crash-log - [32m[C:\Users\pengy\Documents\GitHub\serverChess\game-server\node_modules\.2.2.5@pomelo\lib\master\master.js] [39m[connector],[connector-server-1],[1487044433419],[disconnect]
[2017-02-14 11:54:48.629] [INFO] crash-log - [32m[C:\Users\pengy\Documents\GitHub\serverChess\game-server\node_modules\.2.2.5@pomelo\lib\master\master.js] [39m[auth],[auth-server-1],[1487044488629],[disconnect]
[2017-02-14 11:54:48.660] [INFO] crash-log - [32m[C:\Users\pengy\Documents\GitHub\serverChess\game-server\node_modules\.2.2.5@pomelo\lib\master\master.js] [39m[gate],[gate-server-1],[1487044488660],[disconnect]
[2017-02-14 11:54:48.676] [INFO] crash-log - [32m[C:\Users\pengy\Documents\GitHub\serverChess\game-server\node_modules\.2.2.5@pomelo\lib\master\master.js] [39m[chat],[chat-server-3],[1487044488676],[disconnect]
[2017-02-14 11:54:48.691] [INFO] crash-log - [32m[C:\Users\pengy\Documents\GitHub\serverChess\game-server\node_modules\.2.2.5@pomelo\lib\master\master.js] [39m[chat],[chat-server-2],[1487044488691],[disconnect]
[2017-02-14 11:54:48.724] [INFO] crash-log - [32m[C:\Users\pengy\Documents\GitHub\serverChess\game-server\node_modules\.2.2.5@pomelo\lib\master\master.js] [39m[chat],[chat-server-1],[1487044488724],[disconnect]
[2017-02-14 11:54:48.729] [INFO] crash-log - [32m[C:\Users\pengy\Documents\GitHub\serverChess\game-server\node_modules\.2.2.5@pomelo\lib\master\master.js] [39m[connector],[connector-server-3],[1487044488729],[disconnect]
[2017-02-14 11:54:48.745] [INFO] crash-log - [32m[C:\Users\pengy\Documents\GitHub\serverChess\game-server\node_modules\.2.2.5@pomelo\lib\master\master.js] [39m[connector],[connector-server-2],[1487044488745],[disconnect]
[2017-02-14 11:54:48.761] [INFO] crash-log - [32m[C:\Users\pengy\Documents\GitHub\serverChess\game-server\node_modules\.2.2.5@pomelo\lib\master\master.js] [39m[connector],[connector-server-1],[1487044488761],[disconnect]
[2017-02-14 11:55:07.986] [INFO] crash-log - [32m[C:\Users\pengy\Documents\GitHub\serverChess\game-server\node_modules\.2.2.5@pomelo\lib\master\master.js] [39m[auth],[auth-server-1],[1487044507986],[disconnect]
[2017-02-14 11:55:08.002] [INFO] crash-log - [32m[C:\Users\pengy\Documents\GitHub\serverChess\game-server\node_modules\.2.2.5@pomelo\lib\master\master.js] [39m[gate],[gate-server-1],[1487044508002],[disconnect]
[2017-02-14 11:55:08.020] [INFO] crash-log - [32m[C:\Users\pengy\Documents\GitHub\serverChess\game-server\node_modules\.2.2.5@pomelo\lib\master\master.js] [39m[chat],[chat-server-3],[1487044508020],[disconnect]
[2017-02-14 11:55:08.025] [INFO] crash-log - [32m[C:\Users\pengy\Documents\GitHub\serverChess\game-server\node_modules\.2.2.5@pomelo\lib\master\master.js] [39m[chat],[chat-server-2],[1487044508025],[disconnect]
[2017-02-14 11:55:08.040] [INFO] crash-log - [32m[C:\Users\pengy\Documents\GitHub\serverChess\game-server\node_modules\.2.2.5@pomelo\lib\master\master.js] [39m[chat],[chat-server-1],[1487044508040],[disconnect]
[2017-02-14 11:55:08.056] [INFO] crash-log - [32m[C:\Users\pengy\Documents\GitHub\serverChess\game-server\node_modules\.2.2.5@pomelo\lib\master\master.js] [39m[connector],[connector-server-3],[1487044508056],[disconnect]
[2017-02-14 11:55:08.087] [INFO] crash-log - [32m[C:\Users\pengy\Documents\GitHub\serverChess\game-server\node_modules\.2.2.5@pomelo\lib\master\master.js] [39m[connector],[connector-server-2],[1487044508087],[disconnect]
[2017-02-14 11:55:08.103] [INFO] crash-log - [32m[C:\Users\pengy\Documents\GitHub\serverChess\game-server\node_modules\.2.2.5@pomelo\lib\master\master.js] [39m[connector],[connector-server-1],[1487044508103],[disconnect]
[2017-02-14 11:59:44.620] [INFO] crash-log - [32m[C:\Users\pengy\Documents\GitHub\serverChess\game-server\node_modules\.2.2.5@pomelo\lib\master\master.js] [39m[auth],[auth-server-1],[1487044784620],[disconnect]
[2017-02-14 11:59:44.642] [INFO] crash-log - [32m[C:\Users\pengy\Documents\GitHub\serverChess\game-server\node_modules\.2.2.5@pomelo\lib\master\master.js] [39m[gate],[gate-server-1],[1487044784642],[disconnect]
[2017-02-14 11:59:44.657] [INFO] crash-log - [32m[C:\Users\pengy\Documents\GitHub\serverChess\game-server\node_modules\.2.2.5@pomelo\lib\master\master.js] [39m[chat],[chat-server-3],[1487044784657],[disconnect]
[2017-02-14 11:59:44.673] [INFO] crash-log - [32m[C:\Users\pengy\Documents\GitHub\serverChess\game-server\node_modules\.2.2.5@pomelo\lib\master\master.js] [39m[chat],[chat-server-2],[1487044784673],[disconnect]
[2017-02-14 11:59:44.689] [INFO] crash-log - [32m[C:\Users\pengy\Documents\GitHub\serverChess\game-server\node_modules\.2.2.5@pomelo\lib\master\master.js] [39m[chat],[chat-server-1],[1487044784689],[disconnect]
[2017-02-14 11:59:44.704] [INFO] crash-log - [32m[C:\Users\pengy\Documents\GitHub\serverChess\game-server\node_modules\.2.2.5@pomelo\lib\master\master.js] [39m[connector],[connector-server-3],[1487044784704],[disconnect]
[2017-02-14 11:59:44.720] [INFO] crash-log - [32m[C:\Users\pengy\Documents\GitHub\serverChess\game-server\node_modules\.2.2.5@pomelo\lib\master\master.js] [39m[connector],[connector-server-2],[1487044784720],[disconnect]
[2017-02-14 11:59:44.746] [INFO] crash-log - [32m[C:\Users\pengy\Documents\GitHub\serverChess\game-server\node_modules\.2.2.5@pomelo\lib\master\master.js] [39m[connector],[connector-server-1],[1487044784746],[disconnect]
[2017-02-14 14:08:50.896] [INFO] crash-log - [32m[C:\Users\pengy\Documents\GitHub\serverChess\game-server\node_modules\.2.2.5@pomelo\lib\master\master.js] [39m[auth],[auth-server-1],[1487052530896],[disconnect]
[2017-02-14 14:08:50.914] [INFO] crash-log - [32m[C:\Users\pengy\Documents\GitHub\serverChess\game-server\node_modules\.2.2.5@pomelo\lib\master\master.js] [39m[gate],[gate-server-1],[1487052530914],[disconnect]
[2017-02-14 14:08:50.930] [INFO] crash-log - [32m[C:\Users\pengy\Documents\GitHub\serverChess\game-server\node_modules\.2.2.5@pomelo\lib\master\master.js] [39m[chat],[chat-server-3],[1487052530930],[disconnect]
[2017-02-14 14:08:50.946] [INFO] crash-log - [32m[C:\Users\pengy\Documents\GitHub\serverChess\game-server\node_modules\.2.2.5@pomelo\lib\master\master.js] [39m[chat],[chat-server-2],[1487052530946],[disconnect]
[2017-02-14 14:08:50.963] [INFO] crash-log - [32m[C:\Users\pengy\Documents\GitHub\serverChess\game-server\node_modules\.2.2.5@pomelo\lib\master\master.js] [39m[chat],[chat-server-1],[1487052530963],[disconnect]
[2017-02-14 14:08:50.982] [INFO] crash-log - [32m[C:\Users\pengy\Documents\GitHub\serverChess\game-server\node_modules\.2.2.5@pomelo\lib\master\master.js] [39m[connector],[connector-server-3],[1487052530982],[disconnect]
[2017-02-14 14:08:50.999] [INFO] crash-log - [32m[C:\Users\pengy\Documents\GitHub\serverChess\game-server\node_modules\.2.2.5@pomelo\lib\master\master.js] [39m[connector],[connector-server-2],[1487052530999],[disconnect]
[2017-02-14 14:08:51.015] [INFO] crash-log - [32m[C:\Users\pengy\Documents\GitHub\serverChess\game-server\node_modules\.2.2.5@pomelo\lib\master\master.js] [39m[connector],[connector-server-1],[1487052531015],[disconnect]
[2017-02-14 14:10:37.747] [INFO] crash-log - [32m[C:\Users\pengy\Documents\GitHub\serverChess\game-server\node_modules\.2.2.5@pomelo\lib\master\master.js] [39m[auth],[auth-server-1],[1487052637747],[disconnect]
[2017-02-14 14:10:37.766] [INFO] crash-log - [32m[C:\Users\pengy\Documents\GitHub\serverChess\game-server\node_modules\.2.2.5@pomelo\lib\master\master.js] [39m[gate],[gate-server-1],[1487052637766],[disconnect]
[2017-02-14 14:10:37.794] [INFO] crash-log - [32m[C:\Users\pengy\Documents\GitHub\serverChess\game-server\node_modules\.2.2.5@pomelo\lib\master\master.js] [39m[chat],[chat-server-3],[1487052637794],[disconnect]
[2017-02-14 14:10:37.814] [INFO] crash-log - [32m[C:\Users\pengy\Documents\GitHub\serverChess\game-server\node_modules\.2.2.5@pomelo\lib\master\master.js] [39m[chat],[chat-server-2],[1487052637814],[disconnect]
[2017-02-14 14:10:37.833] [INFO] crash-log - [32m[C:\Users\pengy\Documents\GitHub\serverChess\game-server\node_modules\.2.2.5@pomelo\lib\master\master.js] [39m[chat],[chat-server-1],[1487052637833],[disconnect]
[2017-02-14 14:10:37.860] [INFO] crash-log - [32m[C:\Users\pengy\Documents\GitHub\serverChess\game-server\node_modules\.2.2.5@pomelo\lib\master\master.js] [39m[connector],[connector-server-3],[1487052637860],[disconnect]
[2017-02-14 14:10:37.884] [INFO] crash-log - [32m[C:\Users\pengy\Documents\GitHub\serverChess\game-server\node_modules\.2.2.5@pomelo\lib\master\master.js] [39m[connector],[connector-server-2],[1487052637884],[disconnect]
[2017-02-14 14:10:37.902] [INFO] crash-log - [32m[C:\Users\pengy\Documents\GitHub\serverChess\game-server\node_modules\.2.2.5@pomelo\lib\master\master.js] [39m[connector],[connector-server-1],[1487052637902],[disconnect]
[2017-02-14 14:21:58.380] [INFO] crash-log - [32m[C:\Users\pengy\Documents\GitHub\serverChess\game-server\node_modules\.2.2.5@pomelo\lib\master\master.js] [39m[auth],[auth-server-1],[1487053318380],[disconnect]
[2017-02-14 14:32:30.565] [INFO] crash-log - [32m[C:\Users\pengy\Documents\GitHub\serverChess\game-server\node_modules\.2.2.5@pomelo\lib\master\master.js] [39m[auth],[auth-server-1],[1487053950565],[disconnect]
[2017-02-14 14:32:30.589] [INFO] crash-log - [32m[C:\Users\pengy\Documents\GitHub\serverChess\game-server\node_modules\.2.2.5@pomelo\lib\master\master.js] [39m[gate],[gate-server-1],[1487053950589],[disconnect]
[2017-02-14 14:32:30.609] [INFO] crash-log - [32m[C:\Users\pengy\Documents\GitHub\serverChess\game-server\node_modules\.2.2.5@pomelo\lib\master\master.js] [39m[chat],[chat-server-3],[1487053950609],[disconnect]
[2017-02-14 14:32:30.624] [INFO] crash-log - [32m[C:\Users\pengy\Documents\GitHub\serverChess\game-server\node_modules\.2.2.5@pomelo\lib\master\master.js] [39m[chat],[chat-server-2],[1487053950624],[disconnect]
[2017-02-14 14:32:30.640] [INFO] crash-log - [32m[C:\Users\pengy\Documents\GitHub\serverChess\game-server\node_modules\.2.2.5@pomelo\lib\master\master.js] [39m[chat],[chat-server-1],[1487053950640],[disconnect]
[2017-02-14 14:32:30.656] [INFO] crash-log - [32m[C:\Users\pengy\Documents\GitHub\serverChess\game-server\node_modules\.2.2.5@pomelo\lib\master\master.js] [39m[connector],[connector-server-3],[1487053950656],[disconnect]
[2017-02-14 14:32:30.671] [INFO] crash-log - [32m[C:\Users\pengy\Documents\GitHub\serverChess\game-server\node_modules\.2.2.5@pomelo\lib\master\master.js] [39m[connector],[connector-server-2],[1487053950671],[disconnect]
[2017-02-14 14:32:30.689] [INFO] crash-log - [32m[C:\Users\pengy\Documents\GitHub\serverChess\game-server\node_modules\.2.2.5@pomelo\lib\master\master.js] [39m[connector],[connector-server-1],[1487053950689],[disconnect]
[2017-02-14 14:45:07.877] [INFO] crash-log - [32m[C:\Users\pengy\Documents\GitHub\serverChess\game-server\node_modules\.2.2.5@pomelo\lib\master\master.js] [39m[auth],[auth-server-1],[1487054707877],[disconnect]
[2017-02-14 14:45:07.893] [INFO] crash-log - [32m[C:\Users\pengy\Documents\GitHub\serverChess\game-server\node_modules\.2.2.5@pomelo\lib\master\master.js] [39m[gate],[gate-server-1],[1487054707893],[disconnect]
[2017-02-14 14:45:07.911] [INFO] crash-log - [32m[C:\Users\pengy\Documents\GitHub\serverChess\game-server\node_modules\.2.2.5@pomelo\lib\master\master.js] [39m[chat],[chat-server-3],[1487054707911],[disconnect]
[2017-02-14 14:45:07.928] [INFO] crash-log - [32m[C:\Users\pengy\Documents\GitHub\serverChess\game-server\node_modules\.2.2.5@pomelo\lib\master\master.js] [39m[chat],[chat-server-2],[1487054707928],[disconnect]
[2017-02-14 14:45:07.945] [INFO] crash-log - [32m[C:\Users\pengy\Documents\GitHub\serverChess\game-server\node_modules\.2.2.5@pomelo\lib\master\master.js] [39m[chat],[chat-server-1],[1487054707945],[disconnect]
[2017-02-14 14:45:07.963] [INFO] crash-log - [32m[C:\Users\pengy\Documents\GitHub\serverChess\game-server\node_modules\.2.2.5@pomelo\lib\master\master.js] [39m[connector],[connector-server-3],[1487054707963],[disconnect]
[2017-02-14 14:45:07.982] [INFO] crash-log - [32m[C:\Users\pengy\Documents\GitHub\serverChess\game-server\node_modules\.2.2.5@pomelo\lib\master\master.js] [39m[connector],[connector-server-2],[1487054707982],[disconnect]
[2017-02-14 14:45:07.997] [INFO] crash-log - [32m[C:\Users\pengy\Documents\GitHub\serverChess\game-server\node_modules\.2.2.5@pomelo\lib\master\master.js] [39m[connector],[connector-server-1],[1487054707997],[disconnect]
[2017-02-14 14:45:14.409] [INFO] crash-log - [32m[C:\Users\pengy\Documents\GitHub\serverChess\game-server\node_modules\.2.2.5@pomelo\lib\master\master.js] [39m[auth],[auth-server-1],[1487054714409],[disconnect]
[2017-02-14 14:45:14.423] [INFO] crash-log - [32m[C:\Users\pengy\Documents\GitHub\serverChess\game-server\node_modules\.2.2.5@pomelo\lib\master\master.js] [39m[gate],[gate-server-1],[1487054714423],[disconnect]
[2017-02-14 14:45:14.440] [INFO] crash-log - [32m[C:\Users\pengy\Documents\GitHub\serverChess\game-server\node_modules\.2.2.5@pomelo\lib\master\master.js] [39m[chat],[chat-server-3],[1487054714440],[disconnect]
[2017-02-14 14:45:14.460] [INFO] crash-log - [32m[C:\Users\pengy\Documents\GitHub\serverChess\game-server\node_modules\.2.2.5@pomelo\lib\master\master.js] [39m[chat],[chat-server-2],[1487054714460],[disconnect]
[2017-02-14 14:45:14.463] [INFO] crash-log - [32m[C:\Users\pengy\Documents\GitHub\serverChess\game-server\node_modules\.2.2.5@pomelo\lib\master\master.js] [39m[chat],[chat-server-1],[1487054714463],[disconnect]
[2017-02-14 14:45:14.482] [INFO] crash-log - [32m[C:\Users\pengy\Documents\GitHub\serverChess\game-server\node_modules\.2.2.5@pomelo\lib\master\master.js] [39m[connector],[connector-server-3],[1487054714482],[disconnect]
[2017-02-14 14:45:14.501] [INFO] crash-log - [32m[C:\Users\pengy\Documents\GitHub\serverChess\game-server\node_modules\.2.2.5@pomelo\lib\master\master.js] [39m[connector],[connector-server-2],[1487054714501],[disconnect]
[2017-02-14 14:45:14.520] [INFO] crash-log - [32m[C:\Users\pengy\Documents\GitHub\serverChess\game-server\node_modules\.2.2.5@pomelo\lib\master\master.js] [39m[connector],[connector-server-1],[1487054714520],[disconnect]
[2017-02-14 14:56:59.265] [INFO] crash-log - [32m[C:\Users\pengy\Documents\GitHub\serverChess\game-server\node_modules\pomelo\lib\master\master.js] [39m[auth],[auth-server-1],[1487055419265],[disconnect]
[2017-02-14 14:56:59.283] [INFO] crash-log - [32m[C:\Users\pengy\Documents\GitHub\serverChess\game-server\node_modules\pomelo\lib\master\master.js] [39m[gate],[gate-server-1],[1487055419283],[disconnect]
[2017-02-14 14:56:59.304] [INFO] crash-log - [32m[C:\Users\pengy\Documents\GitHub\serverChess\game-server\node_modules\pomelo\lib\master\master.js] [39m[chat],[chat-server-3],[1487055419304],[disconnect]
[2017-02-14 14:56:59.324] [INFO] crash-log - [32m[C:\Users\pengy\Documents\GitHub\serverChess\game-server\node_modules\pomelo\lib\master\master.js] [39m[chat],[chat-server-2],[1487055419324],[disconnect]
[2017-02-14 14:56:59.345] [INFO] crash-log - [32m[C:\Users\pengy\Documents\GitHub\serverChess\game-server\node_modules\pomelo\lib\master\master.js] [39m[chat],[chat-server-1],[1487055419345],[disconnect]
[2017-02-14 14:56:59.369] [INFO] crash-log - [32m[C:\Users\pengy\Documents\GitHub\serverChess\game-server\node_modules\pomelo\lib\master\master.js] [39m[connector],[connector-server-3],[1487055419368],[disconnect]
[2017-02-14 14:56:59.389] [INFO] crash-log - [32m[C:\Users\pengy\Documents\GitHub\serverChess\game-server\node_modules\pomelo\lib\master\master.js] [39m[connector],[connector-server-2],[1487055419389],[disconnect]
[2017-02-14 14:56:59.410] [INFO] crash-log - [32m[C:\Users\pengy\Documents\GitHub\serverChess\game-server\node_modules\pomelo\lib\master\master.js] [39m[connector],[connector-server-1],[1487055419410],[disconnect]
[2017-02-14 14:57:48.373] [INFO] crash-log - [32m[C:\Users\pengy\Documents\GitHub\serverChess\game-server\node_modules\.2.2.5@pomelo\lib\master\master.js] [39m[auth],[auth-server-1],[1487055468373],[disconnect]
[2017-02-14 14:57:48.387] [INFO] crash-log - [32m[C:\Users\pengy\Documents\GitHub\serverChess\game-server\node_modules\.2.2.5@pomelo\lib\master\master.js] [39m[gate],[gate-server-1],[1487055468387],[disconnect]
[2017-02-14 14:57:48.406] [INFO] crash-log - [32m[C:\Users\pengy\Documents\GitHub\serverChess\game-server\node_modules\.2.2.5@pomelo\lib\master\master.js] [39m[chat],[chat-server-3],[1487055468406],[disconnect]
[2017-02-14 14:57:48.425] [INFO] crash-log - [32m[C:\Users\pengy\Documents\GitHub\serverChess\game-server\node_modules\.2.2.5@pomelo\lib\master\master.js] [39m[chat],[chat-server-2],[1487055468425],[disconnect]
[2017-02-14 14:57:48.441] [INFO] crash-log - [32m[C:\Users\pengy\Documents\GitHub\serverChess\game-server\node_modules\.2.2.5@pomelo\lib\master\master.js] [39m[chat],[chat-server-1],[1487055468441],[disconnect]
[2017-02-14 14:57:48.457] [INFO] crash-log - [32m[C:\Users\pengy\Documents\GitHub\serverChess\game-server\node_modules\.2.2.5@pomelo\lib\master\master.js] [39m[connector],[connector-server-3],[1487055468457],[disconnect]
[2017-02-14 14:57:48.476] [INFO] crash-log - [32m[C:\Users\pengy\Documents\GitHub\serverChess\game-server\node_modules\.2.2.5@pomelo\lib\master\master.js] [39m[connector],[connector-server-2],[1487055468476],[disconnect]
[2017-02-14 14:57:48.492] [INFO] crash-log - [32m[C:\Users\pengy\Documents\GitHub\serverChess\game-server\node_modules\.2.2.5@pomelo\lib\master\master.js] [39m[connector],[connector-server-1],[1487055468492],[disconnect]
[2017-02-14 14:58:37.829] [INFO] crash-log - [32m[C:\Users\pengy\Documents\GitHub\serverChess\game-server\node_modules\.2.2.5@pomelo\lib\master\master.js] [39m[auth],[auth-server-1],[1487055517829],[disconnect]
[2017-02-14 14:58:37.847] [INFO] crash-log - [32m[C:\Users\pengy\Documents\GitHub\serverChess\game-server\node_modules\.2.2.5@pomelo\lib\master\master.js] [39m[gate],[gate-server-1],[1487055517847],[disconnect]
[2017-02-14 14:58:37.872] [INFO] crash-log - [32m[C:\Users\pengy\Documents\GitHub\serverChess\game-server\node_modules\.2.2.5@pomelo\lib\master\master.js] [39m[chat],[chat-server-3],[1487055517872],[disconnect]
[2017-02-14 14:58:37.897] [INFO] crash-log - [32m[C:\Users\pengy\Documents\GitHub\serverChess\game-server\node_modules\.2.2.5@pomelo\lib\master\master.js] [39m[chat],[chat-server-2],[1487055517897],[disconnect]
[2017-02-14 14:58:37.918] [INFO] crash-log - [32m[C:\Users\pengy\Documents\GitHub\serverChess\game-server\node_modules\.2.2.5@pomelo\lib\master\master.js] [39m[chat],[chat-server-1],[1487055517918],[disconnect]
[2017-02-14 14:58:37.944] [INFO] crash-log - [32m[C:\Users\pengy\Documents\GitHub\serverChess\game-server\node_modules\.2.2.5@pomelo\lib\master\master.js] [39m[connector],[connector-server-3],[1487055517943],[disconnect]
[2017-02-14 14:58:37.964] [INFO] crash-log - [32m[C:\Users\pengy\Documents\GitHub\serverChess\game-server\node_modules\.2.2.5@pomelo\lib\master\master.js] [39m[connector],[connector-server-2],[1487055517964],[disconnect]
[2017-02-14 14:58:37.972] [INFO] crash-log - [32m[C:\Users\pengy\Documents\GitHub\serverChess\game-server\node_modules\.2.2.5@pomelo\lib\master\master.js] [39m[connector],[connector-server-1],[1487055517972],[disconnect]
[2017-02-14 15:17:46.944] [INFO] crash-log - [32m[C:\Users\pengy\Documents\GitHub\serverChess\game-server\node_modules\.2.2.5@pomelo\lib\master\master.js] [39m[auth],[auth-server-1],[1487056666944],[disconnect]
[2017-02-14 15:17:46.974] [INFO] crash-log - [32m[C:\Users\pengy\Documents\GitHub\serverChess\game-server\node_modules\.2.2.5@pomelo\lib\master\master.js] [39m[gate],[gate-server-1],[1487056666974],[disconnect]
[2017-02-14 15:17:46.997] [INFO] crash-log - [32m[C:\Users\pengy\Documents\GitHub\serverChess\game-server\node_modules\.2.2.5@pomelo\lib\master\master.js] [39m[chat],[chat-server-3],[1487056666997],[disconnect]
[2017-02-14 15:17:47.017] [INFO] crash-log - [32m[C:\Users\pengy\Documents\GitHub\serverChess\game-server\node_modules\.2.2.5@pomelo\lib\master\master.js] [39m[chat],[chat-server-2],[1487056667017],[disconnect]
[2017-02-14 15:17:47.038] [INFO] crash-log - [32m[C:\Users\pengy\Documents\GitHub\serverChess\game-server\node_modules\.2.2.5@pomelo\lib\master\master.js] [39m[chat],[chat-server-1],[1487056667038],[disconnect]
[2017-02-14 15:17:47.062] [INFO] crash-log - [32m[C:\Users\pengy\Documents\GitHub\serverChess\game-server\node_modules\.2.2.5@pomelo\lib\master\master.js] [39m[connector],[connector-server-3],[1487056667062],[disconnect]
[2017-02-14 15:17:47.082] [INFO] crash-log - [32m[C:\Users\pengy\Documents\GitHub\serverChess\game-server\node_modules\.2.2.5@pomelo\lib\master\master.js] [39m[connector],[connector-server-2],[1487056667082],[disconnect]
[2017-02-14 15:17:47.103] [INFO] crash-log - [32m[C:\Users\pengy\Documents\GitHub\serverChess\game-server\node_modules\.2.2.5@pomelo\lib\master\master.js] [39m[connector],[connector-server-1],[1487056667103],[disconnect]
[2017-02-14 15:18:25.916] [INFO] crash-log - [32m[C:\Users\pengy\Documents\GitHub\serverChess\game-server\node_modules\.2.2.5@pomelo\lib\master\master.js] [39m[auth],[auth-server-1],[1487056705915],[disconnect]
[2017-02-14 15:18:25.932] [INFO] crash-log - [32m[C:\Users\pengy\Documents\GitHub\serverChess\game-server\node_modules\.2.2.5@pomelo\lib\master\master.js] [39m[chat],[chat-server-3],[1487056705932],[disconnect]
[2017-02-14 15:18:25.934] [INFO] crash-log - [32m[C:\Users\pengy\Documents\GitHub\serverChess\game-server\node_modules\.2.2.5@pomelo\lib\master\master.js] [39m[chat],[chat-server-2],[1487056705934],[disconnect]
[2017-02-14 15:18:25.937] [INFO] crash-log - [32m[C:\Users\pengy\Documents\GitHub\serverChess\game-server\node_modules\.2.2.5@pomelo\lib\master\master.js] [39m[gate],[gate-server-1],[1487056705937],[disconnect]
[2017-02-14 15:18:25.961] [INFO] crash-log - [32m[C:\Users\pengy\Documents\GitHub\serverChess\game-server\node_modules\.2.2.5@pomelo\lib\master\master.js] [39m[chat],[chat-server-1],[1487056705961],[disconnect]
[2017-02-14 15:18:25.983] [INFO] crash-log - [32m[C:\Users\pengy\Documents\GitHub\serverChess\game-server\node_modules\.2.2.5@pomelo\lib\master\master.js] [39m[connector],[connector-server-2],[1487056705983],[disconnect]
[2017-02-14 15:18:26.003] [INFO] crash-log - [32m[C:\Users\pengy\Documents\GitHub\serverChess\game-server\node_modules\.2.2.5@pomelo\lib\master\master.js] [39m[connector],[connector-server-1],[1487056706003],[disconnect]
[2017-02-14 15:18:51.962] [INFO] crash-log - [32m[C:\Users\pengy\Documents\GitHub\serverChess\game-server\node_modules\.2.2.5@pomelo\lib\master\master.js] [39m[auth],[auth-server-1],[1487056731962],[disconnect]
[2017-02-14 15:18:51.979] [INFO] crash-log - [32m[C:\Users\pengy\Documents\GitHub\serverChess\game-server\node_modules\.2.2.5@pomelo\lib\master\master.js] [39m[chat],[chat-server-3],[1487056731979],[disconnect]
[2017-02-14 15:18:51.984] [INFO] crash-log - [32m[C:\Users\pengy\Documents\GitHub\serverChess\game-server\node_modules\.2.2.5@pomelo\lib\master\master.js] [39m[gate],[gate-server-1],[1487056731984],[disconnect]
[2017-02-14 15:18:51.999] [INFO] crash-log - [32m[C:\Users\pengy\Documents\GitHub\serverChess\game-server\node_modules\.2.2.5@pomelo\lib\master\master.js] [39m[chat],[chat-server-2],[1487056731999],[disconnect]
[2017-02-14 15:18:52.019] [INFO] crash-log - [32m[C:\Users\pengy\Documents\GitHub\serverChess\game-server\node_modules\.2.2.5@pomelo\lib\master\master.js] [39m[chat],[chat-server-1],[1487056732019],[disconnect]
[2017-02-14 15:18:52.041] [INFO] crash-log - [32m[C:\Users\pengy\Documents\GitHub\serverChess\game-server\node_modules\.2.2.5@pomelo\lib\master\master.js] [39m[connector],[connector-server-2],[1487056732041],[disconnect]
[2017-02-14 15:18:52.064] [INFO] crash-log - [32m[C:\Users\pengy\Documents\GitHub\serverChess\game-server\node_modules\.2.2.5@pomelo\lib\master\master.js] [39m[connector],[connector-server-1],[1487056732064],[disconnect]
[2017-02-14 15:19:36.532] [INFO] crash-log - [32m[C:\Users\pengy\Documents\GitHub\serverChess\game-server\node_modules\.2.2.5@pomelo\lib\master\master.js] [39m[auth],[auth-server-1],[1487056776532],[disconnect]
[2017-02-14 15:19:36.558] [INFO] crash-log - [32m[C:\Users\pengy\Documents\GitHub\serverChess\game-server\node_modules\.2.2.5@pomelo\lib\master\master.js] [39m[gate],[gate-server-1],[1487056776558],[disconnect]
[2017-02-14 15:19:36.582] [INFO] crash-log - [32m[C:\Users\pengy\Documents\GitHub\serverChess\game-server\node_modules\.2.2.5@pomelo\lib\master\master.js] [39m[chat],[chat-server-3],[1487056776581],[disconnect]
[2017-02-14 15:19:36.589] [INFO] crash-log - [32m[C:\Users\pengy\Documents\GitHub\serverChess\game-server\node_modules\.2.2.5@pomelo\lib\master\master.js] [39m[chat],[chat-server-2],[1487056776589],[disconnect]
[2017-02-14 15:19:36.619] [INFO] crash-log - [32m[C:\Users\pengy\Documents\GitHub\serverChess\game-server\node_modules\.2.2.5@pomelo\lib\master\master.js] [39m[chat],[chat-server-1],[1487056776619],[disconnect]
[2017-02-14 15:19:36.646] [INFO] crash-log - [32m[C:\Users\pengy\Documents\GitHub\serverChess\game-server\node_modules\.2.2.5@pomelo\lib\master\master.js] [39m[connector],[connector-server-3],[1487056776646],[disconnect]
[2017-02-14 15:19:36.652] [INFO] crash-log - [32m[C:\Users\pengy\Documents\GitHub\serverChess\game-server\node_modules\.2.2.5@pomelo\lib\master\master.js] [39m[connector],[connector-server-2],[1487056776652],[disconnect]
[2017-02-14 15:19:36.685] [INFO] crash-log - [32m[C:\Users\pengy\Documents\GitHub\serverChess\game-server\node_modules\.2.2.5@pomelo\lib\master\master.js] [39m[connector],[connector-server-1],[1487056776685],[disconnect]
[2017-02-14 15:21:22.706] [INFO] crash-log - [32m[C:\Users\pengy\Documents\GitHub\serverChess\game-server\node_modules\.2.2.5@pomelo\lib\master\master.js] [39m[auth],[auth-server-1],[1487056882706],[disconnect]
[2017-02-14 15:21:22.718] [INFO] crash-log - [32m[C:\Users\pengy\Documents\GitHub\serverChess\game-server\node_modules\.2.2.5@pomelo\lib\master\master.js] [39m[gate],[gate-server-1],[1487056882718],[disconnect]
[2017-02-14 15:21:22.723] [INFO] crash-log - [32m[C:\Users\pengy\Documents\GitHub\serverChess\game-server\node_modules\.2.2.5@pomelo\lib\master\master.js] [39m[chat],[chat-server-3],[1487056882723],[disconnect]
[2017-02-14 15:21:22.726] [INFO] crash-log - [32m[C:\Users\pengy\Documents\GitHub\serverChess\game-server\node_modules\.2.2.5@pomelo\lib\master\master.js] [39m[chat],[chat-server-2],[1487056882726],[disconnect]
[2017-02-14 15:21:22.737] [INFO] crash-log - [32m[C:\Users\pengy\Documents\GitHub\serverChess\game-server\node_modules\.2.2.5@pomelo\lib\master\master.js] [39m[chat],[chat-server-1],[1487056882737],[disconnect]
[2017-02-14 15:21:22.761] [INFO] crash-log - [32m[C:\Users\pengy\Documents\GitHub\serverChess\game-server\node_modules\.2.2.5@pomelo\lib\master\master.js] [39m[connector],[connector-server-3],[1487056882761],[disconnect]
[2017-02-14 15:21:22.776] [INFO] crash-log - [32m[C:\Users\pengy\Documents\GitHub\serverChess\game-server\node_modules\.2.2.5@pomelo\lib\master\master.js] [39m[connector],[connector-server-2],[1487056882776],[disconnect]
[2017-02-14 15:21:22.806] [INFO] crash-log - [32m[C:\Users\pengy\Documents\GitHub\serverChess\game-server\node_modules\.2.2.5@pomelo\lib\master\master.js] [39m[connector],[connector-server-1],[1487056882806],[disconnect]
[2017-02-14 15:21:51.115] [INFO] crash-log - [32m[C:\Users\pengy\Documents\GitHub\serverChess\game-server\node_modules\.2.2.5@pomelo\lib\master\master.js] [39m[auth],[auth-server-1],[1487056911115],[disconnect]
[2017-02-14 15:21:51.124] [INFO] crash-log - [32m[C:\Users\pengy\Documents\GitHub\serverChess\game-server\node_modules\.2.2.5@pomelo\lib\master\master.js] [39m[gate],[gate-server-1],[1487056911124],[disconnect]
[2017-02-14 15:21:51.145] [INFO] crash-log - [32m[C:\Users\pengy\Documents\GitHub\serverChess\game-server\node_modules\.2.2.5@pomelo\lib\master\master.js] [39m[chat],[chat-server-3],[1487056911145],[disconnect]
[2017-02-14 15:21:51.170] [INFO] crash-log - [32m[C:\Users\pengy\Documents\GitHub\serverChess\game-server\node_modules\.2.2.5@pomelo\lib\master\master.js] [39m[chat],[chat-server-2],[1487056911170],[disconnect]
[2017-02-14 15:21:51.192] [INFO] crash-log - [32m[C:\Users\pengy\Documents\GitHub\serverChess\game-server\node_modules\.2.2.5@pomelo\lib\master\master.js] [39m[chat],[chat-server-1],[1487056911192],[disconnect]
[2017-02-14 15:21:51.213] [INFO] crash-log - [32m[C:\Users\pengy\Documents\GitHub\serverChess\game-server\node_modules\.2.2.5@pomelo\lib\master\master.js] [39m[connector],[connector-server-3],[1487056911213],[disconnect]
[2017-02-14 15:21:51.236] [INFO] crash-log - [32m[C:\Users\pengy\Documents\GitHub\serverChess\game-server\node_modules\.2.2.5@pomelo\lib\master\master.js] [39m[connector],[connector-server-2],[1487056911236],[disconnect]
[2017-02-14 15:21:51.258] [INFO] crash-log - [32m[C:\Users\pengy\Documents\GitHub\serverChess\game-server\node_modules\.2.2.5@pomelo\lib\master\master.js] [39m[connector],[connector-server-1],[1487056911258],[disconnect]
[2017-02-14 15:22:45.979] [INFO] crash-log - [32m[C:\Users\pengy\Documents\GitHub\serverChess\game-server\node_modules\.2.2.5@pomelo\lib\master\master.js] [39m[auth],[auth-server-1],[1487056965979],[disconnect]
[2017-02-14 15:22:45.999] [INFO] crash-log - [32m[C:\Users\pengy\Documents\GitHub\serverChess\game-server\node_modules\.2.2.5@pomelo\lib\master\master.js] [39m[gate],[gate-server-1],[1487056965999],[disconnect]
[2017-02-14 15:22:46.016] [INFO] crash-log - [32m[C:\Users\pengy\Documents\GitHub\serverChess\game-server\node_modules\.2.2.5@pomelo\lib\master\master.js] [39m[chat],[chat-server-3],[1487056966016],[disconnect]
[2017-02-14 15:22:46.039] [INFO] crash-log - [32m[C:\Users\pengy\Documents\GitHub\serverChess\game-server\node_modules\.2.2.5@pomelo\lib\master\master.js] [39m[chat],[chat-server-2],[1487056966039],[disconnect]
[2017-02-14 15:22:46.064] [INFO] crash-log - [32m[C:\Users\pengy\Documents\GitHub\serverChess\game-server\node_modules\.2.2.5@pomelo\lib\master\master.js] [39m[chat],[chat-server-1],[1487056966064],[disconnect]
[2017-02-14 15:35:43.388] [INFO] crash-log - [32m[C:\Users\pengy\Documents\GitHub\serverChess\game-server\node_modules\.2.2.5@pomelo\lib\master\master.js] [39m[auth],[auth-server-1],[1487057743388],[disconnect]
[2017-02-14 15:35:43.402] [INFO] crash-log - [32m[C:\Users\pengy\Documents\GitHub\serverChess\game-server\node_modules\.2.2.5@pomelo\lib\master\master.js] [39m[gate],[gate-server-1],[1487057743402],[disconnect]
[2017-02-14 15:35:43.423] [INFO] crash-log - [32m[C:\Users\pengy\Documents\GitHub\serverChess\game-server\node_modules\.2.2.5@pomelo\lib\master\master.js] [39m[chat],[chat-server-3],[1487057743423],[disconnect]
[2017-02-14 15:35:43.443] [INFO] crash-log - [32m[C:\Users\pengy\Documents\GitHub\serverChess\game-server\node_modules\.2.2.5@pomelo\lib\master\master.js] [39m[chat],[chat-server-2],[1487057743443],[disconnect]
[2017-02-14 15:35:43.467] [INFO] crash-log - [32m[C:\Users\pengy\Documents\GitHub\serverChess\game-server\node_modules\.2.2.5@pomelo\lib\master\master.js] [39m[chat],[chat-server-1],[1487057743467],[disconnect]
[2017-02-14 15:35:43.490] [INFO] crash-log - [32m[C:\Users\pengy\Documents\GitHub\serverChess\game-server\node_modules\.2.2.5@pomelo\lib\master\master.js] [39m[connector],[connector-server-3],[1487057743490],[disconnect]
[2017-02-14 15:35:43.515] [INFO] crash-log - [32m[C:\Users\pengy\Documents\GitHub\serverChess\game-server\node_modules\.2.2.5@pomelo\lib\master\master.js] [39m[connector],[connector-server-2],[1487057743515],[disconnect]
[2017-02-14 15:35:43.536] [INFO] crash-log - [32m[C:\Users\pengy\Documents\GitHub\serverChess\game-server\node_modules\.2.2.5@pomelo\lib\master\master.js] [39m[connector],[connector-server-1],[1487057743536],[disconnect]
[2017-02-14 15:36:50.828] [INFO] crash-log - [32m[C:\Users\pengy\Documents\GitHub\serverChess\game-server\node_modules\.2.2.5@pomelo\lib\master\master.js] [39m[auth],[auth-server-1],[1487057810828],[disconnect]
[2017-02-14 15:36:50.850] [INFO] crash-log - [32m[C:\Users\pengy\Documents\GitHub\serverChess\game-server\node_modules\.2.2.5@pomelo\lib\master\master.js] [39m[gate],[gate-server-1],[1487057810850],[disconnect]
[2017-02-14 15:36:50.869] [INFO] crash-log - [32m[C:\Users\pengy\Documents\GitHub\serverChess\game-server\node_modules\.2.2.5@pomelo\lib\master\master.js] [39m[connector],[connector-server-3],[1487057810869],[disconnect]
[2017-02-14 15:36:50.871] [INFO] crash-log - [32m[C:\Users\pengy\Documents\GitHub\serverChess\game-server\node_modules\.2.2.5@pomelo\lib\master\master.js] [39m[chat],[chat-server-1],[1487057810871],[disconnect]
[2017-02-14 15:36:50.882] [INFO] crash-log - [32m[C:\Users\pengy\Documents\GitHub\serverChess\game-server\node_modules\.2.2.5@pomelo\lib\master\master.js] [39m[chat],[chat-server-3],[1487057810882],[disconnect]
[2017-02-14 15:36:50.886] [INFO] crash-log - [32m[C:\Users\pengy\Documents\GitHub\serverChess\game-server\node_modules\.2.2.5@pomelo\lib\master\master.js] [39m[chat],[chat-server-2],[1487057810886],[disconnect]
[2017-02-14 15:36:50.900] [INFO] crash-log - [32m[C:\Users\pengy\Documents\GitHub\serverChess\game-server\node_modules\.2.2.5@pomelo\lib\master\master.js] [39m[connector],[connector-server-2],[1487057810900],[disconnect]
[2017-02-14 15:36:50.910] [INFO] crash-log - [32m[C:\Users\pengy\Documents\GitHub\serverChess\game-server\node_modules\.2.2.5@pomelo\lib\master\master.js] [39m[connector],[connector-server-1],[1487057810910],[disconnect]
[2017-02-14 15:37:58.516] [INFO] crash-log - [32m[C:\Users\pengy\Documents\GitHub\serverChess\game-server\node_modules\.2.2.5@pomelo\lib\master\master.js] [39m[auth],[auth-server-1],[1487057878516],[disconnect]
[2017-02-14 15:37:58.534] [INFO] crash-log - [32m[C:\Users\pengy\Documents\GitHub\serverChess\game-server\node_modules\.2.2.5@pomelo\lib\master\master.js] [39m[gate],[gate-server-1],[1487057878533],[disconnect]
[2017-02-14 15:37:58.566] [INFO] crash-log - [32m[C:\Users\pengy\Documents\GitHub\serverChess\game-server\node_modules\.2.2.5@pomelo\lib\master\master.js] [39m[chat],[chat-server-3],[1487057878566],[disconnect]
[2017-02-14 15:37:58.580] [INFO] crash-log - [32m[C:\Users\pengy\Documents\GitHub\serverChess\game-server\node_modules\.2.2.5@pomelo\lib\master\master.js] [39m[chat],[chat-server-2],[1487057878580],[disconnect]
[2017-02-14 15:37:58.609] [INFO] crash-log - [32m[C:\Users\pengy\Documents\GitHub\serverChess\game-server\node_modules\.2.2.5@pomelo\lib\master\master.js] [39m[chat],[chat-server-1],[1487057878609],[disconnect]
[2017-02-14 15:37:58.634] [INFO] crash-log - [32m[C:\Users\pengy\Documents\GitHub\serverChess\game-server\node_modules\.2.2.5@pomelo\lib\master\master.js] [39m[connector],[connector-server-3],[1487057878634],[disconnect]
[2017-02-14 15:37:58.658] [INFO] crash-log - [32m[C:\Users\pengy\Documents\GitHub\serverChess\game-server\node_modules\.2.2.5@pomelo\lib\master\master.js] [39m[connector],[connector-server-2],[1487057878658],[disconnect]
[2017-02-14 15:37:58.679] [INFO] crash-log - [32m[C:\Users\pengy\Documents\GitHub\serverChess\game-server\node_modules\.2.2.5@pomelo\lib\master\master.js] [39m[connector],[connector-server-1],[1487057878679],[disconnect]
[2017-02-14 15:40:45.789] [INFO] crash-log - [32m[C:\Users\pengy\Documents\GitHub\serverChess\game-server\node_modules\.2.2.5@pomelo\lib\master\master.js] [39m[auth],[auth-server-1],[1487058045789],[disconnect]
[2017-02-14 15:40:45.801] [INFO] crash-log - [32m[C:\Users\pengy\Documents\GitHub\serverChess\game-server\node_modules\.2.2.5@pomelo\lib\master\master.js] [39m[chat],[chat-server-2],[1487058045801],[disconnect]
[2017-02-14 15:40:45.804] [INFO] crash-log - [32m[C:\Users\pengy\Documents\GitHub\serverChess\game-server\node_modules\.2.2.5@pomelo\lib\master\master.js] [39m[chat],[chat-server-1],[1487058045804],[disconnect]
[2017-02-14 15:40:45.808] [INFO] crash-log - [32m[C:\Users\pengy\Documents\GitHub\serverChess\game-server\node_modules\.2.2.5@pomelo\lib\master\master.js] [39m[connector],[connector-server-3],[1487058045808],[disconnect]
[2017-02-14 15:40:45.819] [INFO] crash-log - [32m[C:\Users\pengy\Documents\GitHub\serverChess\game-server\node_modules\.2.2.5@pomelo\lib\master\master.js] [39m[gate],[gate-server-1],[1487058045819],[disconnect]
[2017-02-14 15:40:45.828] [INFO] crash-log - [32m[C:\Users\pengy\Documents\GitHub\serverChess\game-server\node_modules\.2.2.5@pomelo\lib\master\master.js] [39m[chat],[chat-server-3],[1487058045828],[disconnect]
[2017-02-14 15:40:45.829] [INFO] crash-log - [32m[C:\Users\pengy\Documents\GitHub\serverChess\game-server\node_modules\.2.2.5@pomelo\lib\master\master.js] [39m[connector],[connector-server-1],[1487058045829],[disconnect]
[2017-02-14 15:41:32.011] [INFO] crash-log - [32m[C:\Users\pengy\Documents\GitHub\serverChess\game-server\node_modules\.2.2.5@pomelo\lib\master\master.js] [39m[auth],[auth-server-1],[1487058092011],[disconnect]
[2017-02-14 15:41:32.033] [INFO] crash-log - [32m[C:\Users\pengy\Documents\GitHub\serverChess\game-server\node_modules\.2.2.5@pomelo\lib\master\master.js] [39m[gate],[gate-server-1],[1487058092033],[disconnect]
[2017-02-14 15:41:32.058] [INFO] crash-log - [32m[C:\Users\pengy\Documents\GitHub\serverChess\game-server\node_modules\.2.2.5@pomelo\lib\master\master.js] [39m[chat],[chat-server-3],[1487058092057],[disconnect]
[2017-02-14 15:41:32.081] [INFO] crash-log - [32m[C:\Users\pengy\Documents\GitHub\serverChess\game-server\node_modules\.2.2.5@pomelo\lib\master\master.js] [39m[chat],[chat-server-2],[1487058092081],[disconnect]
[2017-02-14 15:41:32.101] [INFO] crash-log - [32m[C:\Users\pengy\Documents\GitHub\serverChess\game-server\node_modules\.2.2.5@pomelo\lib\master\master.js] [39m[chat],[chat-server-1],[1487058092101],[disconnect]
[2017-02-14 15:41:32.123] [INFO] crash-log - [32m[C:\Users\pengy\Documents\GitHub\serverChess\game-server\node_modules\.2.2.5@pomelo\lib\master\master.js] [39m[connector],[connector-server-3],[1487058092123],[disconnect]
[2017-02-14 15:41:32.148] [INFO] crash-log - [32m[C:\Users\pengy\Documents\GitHub\serverChess\game-server\node_modules\.2.2.5@pomelo\lib\master\master.js] [39m[connector],[connector-server-2],[1487058092148],[disconnect]
[2017-02-14 15:41:32.171] [INFO] crash-log - [32m[C:\Users\pengy\Documents\GitHub\serverChess\game-server\node_modules\.2.2.5@pomelo\lib\master\master.js] [39m[connector],[connector-server-1],[1487058092171],[disconnect]
[2017-02-14 15:42:07.101] [INFO] crash-log - [32m[C:\Users\pengy\Documents\GitHub\serverChess\game-server\node_modules\.2.2.5@pomelo\lib\master\master.js] [39m[auth],[auth-server-1],[1487058127101],[disconnect]
[2017-02-14 15:42:07.126] [INFO] crash-log - [32m[C:\Users\pengy\Documents\GitHub\serverChess\game-server\node_modules\.2.2.5@pomelo\lib\master\master.js] [39m[gate],[gate-server-1],[1487058127126],[disconnect]
[2017-02-14 15:42:07.148] [INFO] crash-log - [32m[C:\Users\pengy\Documents\GitHub\serverChess\game-server\node_modules\.2.2.5@pomelo\lib\master\master.js] [39m[chat],[chat-server-3],[1487058127148],[disconnect]
[2017-02-14 15:42:07.171] [INFO] crash-log - [32m[C:\Users\pengy\Documents\GitHub\serverChess\game-server\node_modules\.2.2.5@pomelo\lib\master\master.js] [39m[chat],[chat-server-2],[1487058127171],[disconnect]
[2017-02-14 15:42:07.195] [INFO] crash-log - [32m[C:\Users\pengy\Documents\GitHub\serverChess\game-server\node_modules\.2.2.5@pomelo\lib\master\master.js] [39m[chat],[chat-server-1],[1487058127195],[disconnect]
[2017-02-14 15:42:07.219] [INFO] crash-log - [32m[C:\Users\pengy\Documents\GitHub\serverChess\game-server\node_modules\.2.2.5@pomelo\lib\master\master.js] [39m[connector],[connector-server-3],[1487058127219],[disconnect]
[2017-02-14 15:42:07.224] [INFO] crash-log - [32m[C:\Users\pengy\Documents\GitHub\serverChess\game-server\node_modules\.2.2.5@pomelo\lib\master\master.js] [39m[connector],[connector-server-2],[1487058127224],[disconnect]
[2017-02-14 15:42:07.256] [INFO] crash-log - [32m[C:\Users\pengy\Documents\GitHub\serverChess\game-server\node_modules\.2.2.5@pomelo\lib\master\master.js] [39m[connector],[connector-server-1],[1487058127256],[disconnect]
[2017-02-14 15:47:06.322] [INFO] crash-log - [32m[C:\Users\pengy\Documents\GitHub\serverChess\game-server\node_modules\.2.2.5@pomelo\lib\master\master.js] [39m[auth],[auth-server-1],[1487058426322],[disconnect]
[2017-02-14 15:47:06.338] [INFO] crash-log - [32m[C:\Users\pengy\Documents\GitHub\serverChess\game-server\node_modules\.2.2.5@pomelo\lib\master\master.js] [39m[gate],[gate-server-1],[1487058426338],[disconnect]
[2017-02-14 15:47:06.361] [INFO] crash-log - [32m[C:\Users\pengy\Documents\GitHub\serverChess\game-server\node_modules\.2.2.5@pomelo\lib\master\master.js] [39m[chat],[chat-server-3],[1487058426361],[disconnect]
[2017-02-14 15:47:06.372] [INFO] crash-log - [32m[C:\Users\pengy\Documents\GitHub\serverChess\game-server\node_modules\.2.2.5@pomelo\lib\master\master.js] [39m[chat],[chat-server-2],[1487058426372],[disconnect]
[2017-02-14 15:47:06.396] [INFO] crash-log - [32m[C:\Users\pengy\Documents\GitHub\serverChess\game-server\node_modules\.2.2.5@pomelo\lib\master\master.js] [39m[chat],[chat-server-1],[1487058426396],[disconnect]
[2017-02-14 15:47:06.420] [INFO] crash-log - [32m[C:\Users\pengy\Documents\GitHub\serverChess\game-server\node_modules\.2.2.5@pomelo\lib\master\master.js] [39m[connector],[connector-server-3],[1487058426419],[disconnect]
[2017-02-14 15:47:06.438] [INFO] crash-log - [32m[C:\Users\pengy\Documents\GitHub\serverChess\game-server\node_modules\.2.2.5@pomelo\lib\master\master.js] [39m[connector],[connector-server-2],[1487058426438],[disconnect]
[2017-02-14 15:47:06.461] [INFO] crash-log - [32m[C:\Users\pengy\Documents\GitHub\serverChess\game-server\node_modules\.2.2.5@pomelo\lib\master\master.js] [39m[connector],[connector-server-1],[1487058426461],[disconnect]
[2017-02-14 16:03:41.134] [INFO] crash-log - [32m[C:\Users\pengy\Documents\GitHub\serverChess\game-server\node_modules\.2.2.5@pomelo\lib\master\master.js] [39m[auth],[auth-server-1],[1487059421133],[disconnect]
[2017-02-14 16:03:41.141] [INFO] crash-log - [32m[C:\Users\pengy\Documents\GitHub\serverChess\game-server\node_modules\.2.2.5@pomelo\lib\master\master.js] [39m[gate],[gate-server-1],[1487059421141],[disconnect]
[2017-02-14 16:03:41.165] [INFO] crash-log - [32m[C:\Users\pengy\Documents\GitHub\serverChess\game-server\node_modules\.2.2.5@pomelo\lib\master\master.js] [39m[chat],[chat-server-3],[1487059421165],[disconnect]
[2017-02-14 16:03:41.185] [INFO] crash-log - [32m[C:\Users\pengy\Documents\GitHub\serverChess\game-server\node_modules\.2.2.5@pomelo\lib\master\master.js] [39m[chat],[chat-server-2],[1487059421185],[disconnect]
[2017-02-14 16:03:41.204] [INFO] crash-log - [32m[C:\Users\pengy\Documents\GitHub\serverChess\game-server\node_modules\.2.2.5@pomelo\lib\master\master.js] [39m[chat],[chat-server-1],[1487059421204],[disconnect]
[2017-02-14 16:03:41.225] [INFO] crash-log - [32m[C:\Users\pengy\Documents\GitHub\serverChess\game-server\node_modules\.2.2.5@pomelo\lib\master\master.js] [39m[connector],[connector-server-3],[1487059421225],[disconnect]
[2017-02-14 16:03:41.233] [INFO] crash-log - [32m[C:\Users\pengy\Documents\GitHub\serverChess\game-server\node_modules\.2.2.5@pomelo\lib\master\master.js] [39m[connector],[connector-server-2],[1487059421233],[disconnect]
[2017-02-14 16:03:41.258] [INFO] crash-log - [32m[C:\Users\pengy\Documents\GitHub\serverChess\game-server\node_modules\.2.2.5@pomelo\lib\master\master.js] [39m[connector],[connector-server-1],[1487059421258],[disconnect]
[2017-02-14 16:03:49.185] [INFO] crash-log - [32m[C:\Users\pengy\Documents\GitHub\serverChess\game-server\node_modules\.2.2.5@pomelo\lib\master\master.js] [39m[auth],[auth-server-1],[1487059429185],[disconnect]
[2017-02-14 16:03:49.205] [INFO] crash-log - [32m[C:\Users\pengy\Documents\GitHub\serverChess\game-server\node_modules\.2.2.5@pomelo\lib\master\master.js] [39m[chat],[chat-server-2],[1487059429205],[disconnect]
[2017-02-14 16:03:49.210] [INFO] crash-log - [32m[C:\Users\pengy\Documents\GitHub\serverChess\game-server\node_modules\.2.2.5@pomelo\lib\master\master.js] [39m[connector],[connector-server-3],[1487059429210],[disconnect]
[2017-02-14 16:03:49.211] [INFO] crash-log - [32m[C:\Users\pengy\Documents\GitHub\serverChess\game-server\node_modules\.2.2.5@pomelo\lib\master\master.js] [39m[connector],[connector-server-2],[1487059429211],[disconnect]
[2017-02-14 16:03:49.213] [INFO] crash-log - [32m[C:\Users\pengy\Documents\GitHub\serverChess\game-server\node_modules\.2.2.5@pomelo\lib\master\master.js] [39m[chat],[chat-server-1],[1487059429213],[disconnect]
[2017-02-14 16:03:49.222] [INFO] crash-log - [32m[C:\Users\pengy\Documents\GitHub\serverChess\game-server\node_modules\.2.2.5@pomelo\lib\master\master.js] [39m[gate],[gate-server-1],[1487059429222],[disconnect]
[2017-02-14 16:03:49.223] [INFO] crash-log - [32m[C:\Users\pengy\Documents\GitHub\serverChess\game-server\node_modules\.2.2.5@pomelo\lib\master\master.js] [39m[chat],[chat-server-3],[1487059429223],[disconnect]
[2017-02-14 16:03:49.233] [INFO] crash-log - [32m[C:\Users\pengy\Documents\GitHub\serverChess\game-server\node_modules\.2.2.5@pomelo\lib\master\master.js] [39m[connector],[connector-server-1],[1487059429233],[disconnect]
[2017-02-14 16:09:00.274] [INFO] crash-log - [32m[C:\Users\pengy\Documents\GitHub\serverChess\game-server\node_modules\.2.2.5@pomelo\lib\master\master.js] [39m[auth],[auth-server-1],[1487059740274],[disconnect]
[2017-02-14 16:09:00.295] [INFO] crash-log - [32m[C:\Users\pengy\Documents\GitHub\serverChess\game-server\node_modules\.2.2.5@pomelo\lib\master\master.js] [39m[gate],[gate-server-1],[1487059740295],[disconnect]
[2017-02-14 16:09:00.314] [INFO] crash-log - [32m[C:\Users\pengy\Documents\GitHub\serverChess\game-server\node_modules\.2.2.5@pomelo\lib\master\master.js] [39m[chat],[chat-server-3],[1487059740314],[disconnect]
[2017-02-14 16:09:00.331] [INFO] crash-log - [32m[C:\Users\pengy\Documents\GitHub\serverChess\game-server\node_modules\.2.2.5@pomelo\lib\master\master.js] [39m[chat],[chat-server-2],[1487059740331],[disconnect]
[2017-02-14 16:09:00.338] [INFO] crash-log - [32m[C:\Users\pengy\Documents\GitHub\serverChess\game-server\node_modules\.2.2.5@pomelo\lib\master\master.js] [39m[chat],[chat-server-1],[1487059740338],[disconnect]
[2017-02-14 16:09:00.360] [INFO] crash-log - [32m[C:\Users\pengy\Documents\GitHub\serverChess\game-server\node_modules\.2.2.5@pomelo\lib\master\master.js] [39m[connector],[connector-server-3],[1487059740360],[disconnect]
[2017-02-14 16:09:00.378] [INFO] crash-log - [32m[C:\Users\pengy\Documents\GitHub\serverChess\game-server\node_modules\.2.2.5@pomelo\lib\master\master.js] [39m[connector],[connector-server-2],[1487059740378],[disconnect]
[2017-02-14 16:09:00.396] [INFO] crash-log - [32m[C:\Users\pengy\Documents\GitHub\serverChess\game-server\node_modules\.2.2.5@pomelo\lib\master\master.js] [39m[connector],[connector-server-1],[1487059740396],[disconnect]
[2017-02-14 16:10:52.574] [INFO] crash-log - [32m[C:\Users\pengy\Documents\GitHub\serverChess\game-server\node_modules\.2.2.5@pomelo\lib\master\master.js] [39m[auth],[auth-server-1],[1487059852574],[disconnect]
[2017-02-14 16:10:52.597] [INFO] crash-log - [32m[C:\Users\pengy\Documents\GitHub\serverChess\game-server\node_modules\.2.2.5@pomelo\lib\master\master.js] [39m[gate],[gate-server-1],[1487059852597],[disconnect]
[2017-02-14 16:10:52.615] [INFO] crash-log - [32m[C:\Users\pengy\Documents\GitHub\serverChess\game-server\node_modules\.2.2.5@pomelo\lib\master\master.js] [39m[chat],[chat-server-3],[1487059852615],[disconnect]
[2017-02-14 16:10:52.639] [INFO] crash-log - [32m[C:\Users\pengy\Documents\GitHub\serverChess\game-server\node_modules\.2.2.5@pomelo\lib\master\master.js] [39m[chat],[chat-server-2],[1487059852639],[disconnect]
[2017-02-14 16:10:52.660] [INFO] crash-log - [32m[C:\Users\pengy\Documents\GitHub\serverChess\game-server\node_modules\.2.2.5@pomelo\lib\master\master.js] [39m[chat],[chat-server-1],[1487059852660],[disconnect]
[2017-02-14 16:10:52.685] [INFO] crash-log - [32m[C:\Users\pengy\Documents\GitHub\serverChess\game-server\node_modules\.2.2.5@pomelo\lib\master\master.js] [39m[connector],[connector-server-3],[1487059852685],[disconnect]
[2017-02-14 16:10:52.704] [INFO] crash-log - [32m[C:\Users\pengy\Documents\GitHub\serverChess\game-server\node_modules\.2.2.5@pomelo\lib\master\master.js] [39m[connector],[connector-server-2],[1487059852704],[disconnect]
[2017-02-14 16:10:52.727] [INFO] crash-log - [32m[C:\Users\pengy\Documents\GitHub\serverChess\game-server\node_modules\.2.2.5@pomelo\lib\master\master.js] [39m[connector],[connector-server-1],[1487059852727],[disconnect]
[2017-02-14 16:12:37.248] [INFO] crash-log - [32m[C:\Users\pengy\Documents\GitHub\serverChess\game-server\node_modules\.2.2.5@pomelo\lib\master\master.js] [39m[auth],[auth-server-1],[1487059957248],[disconnect]
[2017-02-14 16:12:37.283] [INFO] crash-log - [32m[C:\Users\pengy\Documents\GitHub\serverChess\game-server\node_modules\.2.2.5@pomelo\lib\master\master.js] [39m[gate],[gate-server-1],[1487059957283],[disconnect]
[2017-02-14 16:12:37.293] [INFO] crash-log - [32m[C:\Users\pengy\Documents\GitHub\serverChess\game-server\node_modules\.2.2.5@pomelo\lib\master\master.js] [39m[chat],[chat-server-3],[1487059957293],[disconnect]
[2017-02-14 16:12:37.316] [INFO] crash-log - [32m[C:\Users\pengy\Documents\GitHub\serverChess\game-server\node_modules\.2.2.5@pomelo\lib\master\master.js] [39m[chat],[chat-server-2],[1487059957316],[disconnect]
[2017-02-14 16:12:37.339] [INFO] crash-log - [32m[C:\Users\pengy\Documents\GitHub\serverChess\game-server\node_modules\.2.2.5@pomelo\lib\master\master.js] [39m[chat],[chat-server-1],[1487059957339],[disconnect]
[2017-02-14 16:12:37.364] [INFO] crash-log - [32m[C:\Users\pengy\Documents\GitHub\serverChess\game-server\node_modules\.2.2.5@pomelo\lib\master\master.js] [39m[connector],[connector-server-3],[1487059957364],[disconnect]
[2017-02-14 16:12:37.381] [INFO] crash-log - [32m[C:\Users\pengy\Documents\GitHub\serverChess\game-server\node_modules\.2.2.5@pomelo\lib\master\master.js] [39m[connector],[connector-server-2],[1487059957381],[disconnect]
[2017-02-14 16:12:37.405] [INFO] crash-log - [32m[C:\Users\pengy\Documents\GitHub\serverChess\game-server\node_modules\.2.2.5@pomelo\lib\master\master.js] [39m[connector],[connector-server-1],[1487059957405],[disconnect]
[2017-02-14 16:20:03.440] [INFO] crash-log - [32m[C:\Users\pengy\Documents\GitHub\serverChess\game-server\node_modules\.2.2.5@pomelo\lib\master\master.js] [39m[auth],[auth-server-1],[1487060403440],[disconnect]
[2017-02-14 16:20:03.472] [INFO] crash-log - [32m[C:\Users\pengy\Documents\GitHub\serverChess\game-server\node_modules\.2.2.5@pomelo\lib\master\master.js] [39m[gate],[gate-server-1],[1487060403472],[disconnect]
[2017-02-14 16:20:03.491] [INFO] crash-log - [32m[C:\Users\pengy\Documents\GitHub\serverChess\game-server\node_modules\.2.2.5@pomelo\lib\master\master.js] [39m[chat],[chat-server-3],[1487060403491],[disconnect]
[2017-02-14 16:20:03.510] [INFO] crash-log - [32m[C:\Users\pengy\Documents\GitHub\serverChess\game-server\node_modules\.2.2.5@pomelo\lib\master\master.js] [39m[chat],[chat-server-2],[1487060403510],[disconnect]
[2017-02-14 16:20:03.518] [INFO] crash-log - [32m[C:\Users\pengy\Documents\GitHub\serverChess\game-server\node_modules\.2.2.5@pomelo\lib\master\master.js] [39m[chat],[chat-server-1],[1487060403518],[disconnect]
[2017-02-14 16:20:03.545] [INFO] crash-log - [32m[C:\Users\pengy\Documents\GitHub\serverChess\game-server\node_modules\.2.2.5@pomelo\lib\master\master.js] [39m[connector],[connector-server-3],[1487060403545],[disconnect]
[2017-02-14 16:20:03.564] [INFO] crash-log - [32m[C:\Users\pengy\Documents\GitHub\serverChess\game-server\node_modules\.2.2.5@pomelo\lib\master\master.js] [39m[connector],[connector-server-2],[1487060403564],[disconnect]
[2017-02-14 16:20:03.585] [INFO] crash-log - [32m[C:\Users\pengy\Documents\GitHub\serverChess\game-server\node_modules\.2.2.5@pomelo\lib\master\master.js] [39m[connector],[connector-server-1],[1487060403585],[disconnect]
[2017-02-14 16:20:45.887] [INFO] crash-log - [32m[C:\Users\pengy\Documents\GitHub\serverChess\game-server\node_modules\.2.2.5@pomelo\lib\master\master.js] [39m[auth],[auth-server-1],[1487060445887],[disconnect]
[2017-02-14 16:20:45.920] [INFO] crash-log - [32m[C:\Users\pengy\Documents\GitHub\serverChess\game-server\node_modules\.2.2.5@pomelo\lib\master\master.js] [39m[gate],[gate-server-1],[1487060445920],[disconnect]
[2017-02-14 16:20:45.943] [INFO] crash-log - [32m[C:\Users\pengy\Documents\GitHub\serverChess\game-server\node_modules\.2.2.5@pomelo\lib\master\master.js] [39m[chat],[chat-server-3],[1487060445943],[disconnect]
[2017-02-14 16:20:45.966] [INFO] crash-log - [32m[C:\Users\pengy\Documents\GitHub\serverChess\game-server\node_modules\.2.2.5@pomelo\lib\master\master.js] [39m[chat],[chat-server-2],[1487060445966],[disconnect]
[2017-02-14 16:20:45.990] [INFO] crash-log - [32m[C:\Users\pengy\Documents\GitHub\serverChess\game-server\node_modules\.2.2.5@pomelo\lib\master\master.js] [39m[chat],[chat-server-1],[1487060445990],[disconnect]
[2017-02-14 16:20:46.013] [INFO] crash-log - [32m[C:\Users\pengy\Documents\GitHub\serverChess\game-server\node_modules\.2.2.5@pomelo\lib\master\master.js] [39m[connector],[connector-server-3],[1487060446013],[disconnect]
[2017-02-14 16:20:46.038] [INFO] crash-log - [32m[C:\Users\pengy\Documents\GitHub\serverChess\game-server\node_modules\.2.2.5@pomelo\lib\master\master.js] [39m[connector],[connector-server-2],[1487060446038],[disconnect]
[2017-02-14 16:20:46.063] [INFO] crash-log - [32m[C:\Users\pengy\Documents\GitHub\serverChess\game-server\node_modules\.2.2.5@pomelo\lib\master\master.js] [39m[connector],[connector-server-1],[1487060446063],[disconnect]
[2017-02-14 16:37:15.205] [INFO] crash-log - [32m[C:\Users\pengy\Documents\GitHub\serverChess\game-server\node_modules\.2.2.5@pomelo\lib\master\master.js] [39m[auth],[auth-server-1],[1487061435205],[disconnect]
[2017-02-14 16:37:15.223] [INFO] crash-log - [32m[C:\Users\pengy\Documents\GitHub\serverChess\game-server\node_modules\.2.2.5@pomelo\lib\master\master.js] [39m[gate],[gate-server-1],[1487061435223],[disconnect]
[2017-02-14 16:37:15.244] [INFO] crash-log - [32m[C:\Users\pengy\Documents\GitHub\serverChess\game-server\node_modules\.2.2.5@pomelo\lib\master\master.js] [39m[chat],[chat-server-3],[1487061435244],[disconnect]
[2017-02-14 16:37:15.265] [INFO] crash-log - [32m[C:\Users\pengy\Documents\GitHub\serverChess\game-server\node_modules\.2.2.5@pomelo\lib\master\master.js] [39m[chat],[chat-server-2],[1487061435265],[disconnect]
[2017-02-14 16:37:15.287] [INFO] crash-log - [32m[C:\Users\pengy\Documents\GitHub\serverChess\game-server\node_modules\.2.2.5@pomelo\lib\master\master.js] [39m[chat],[chat-server-1],[1487061435287],[disconnect]
[2017-02-14 16:37:15.309] [INFO] crash-log - [32m[C:\Users\pengy\Documents\GitHub\serverChess\game-server\node_modules\.2.2.5@pomelo\lib\master\master.js] [39m[connector],[connector-server-3],[1487061435309],[disconnect]
[2017-02-14 16:37:15.331] [INFO] crash-log - [32m[C:\Users\pengy\Documents\GitHub\serverChess\game-server\node_modules\.2.2.5@pomelo\lib\master\master.js] [39m[connector],[connector-server-2],[1487061435330],[disconnect]
[2017-02-14 16:37:15.353] [INFO] crash-log - [32m[C:\Users\pengy\Documents\GitHub\serverChess\game-server\node_modules\.2.2.5@pomelo\lib\master\master.js] [39m[connector],[connector-server-1],[1487061435353],[disconnect]
[2017-02-14 16:40:26.817] [INFO] crash-log - [32m[C:\Users\pengy\Documents\GitHub\serverChess\game-server\node_modules\.2.2.5@pomelo\lib\master\master.js] [39m[room],[room-server-3],[1487061626817],[disconnect]
[2017-02-14 16:40:26.834] [INFO] crash-log - [32m[C:\Users\pengy\Documents\GitHub\serverChess\game-server\node_modules\.2.2.5@pomelo\lib\master\master.js] [39m[room],[room-server-2],[1487061626834],[disconnect]
[2017-02-14 16:40:26.858] [INFO] crash-log - [32m[C:\Users\pengy\Documents\GitHub\serverChess\game-server\node_modules\.2.2.5@pomelo\lib\master\master.js] [39m[room],[room-server-1],[1487061626858],[disconnect]
[2017-02-14 16:40:26.885] [INFO] crash-log - [32m[C:\Users\pengy\Documents\GitHub\serverChess\game-server\node_modules\.2.2.5@pomelo\lib\master\master.js] [39m[auth],[auth-server-1],[1487061626885],[disconnect]
[2017-02-14 16:40:26.908] [INFO] crash-log - [32m[C:\Users\pengy\Documents\GitHub\serverChess\game-server\node_modules\.2.2.5@pomelo\lib\master\master.js] [39m[gate],[gate-server-1],[1487061626908],[disconnect]
[2017-02-14 16:40:26.933] [INFO] crash-log - [32m[C:\Users\pengy\Documents\GitHub\serverChess\game-server\node_modules\.2.2.5@pomelo\lib\master\master.js] [39m[chat],[chat-server-3],[1487061626933],[disconnect]
[2017-02-14 16:40:26.954] [INFO] crash-log - [32m[C:\Users\pengy\Documents\GitHub\serverChess\game-server\node_modules\.2.2.5@pomelo\lib\master\master.js] [39m[chat],[chat-server-2],[1487061626954],[disconnect]
[2017-02-14 16:40:26.975] [INFO] crash-log - [32m[C:\Users\pengy\Documents\GitHub\serverChess\game-server\node_modules\.2.2.5@pomelo\lib\master\master.js] [39m[chat],[chat-server-1],[1487061626975],[disconnect]
[2017-02-14 16:40:27.000] [INFO] crash-log - [32m[C:\Users\pengy\Documents\GitHub\serverChess\game-server\node_modules\.2.2.5@pomelo\lib\master\master.js] [39m[connector],[connector-server-3],[1487061627000],[disconnect]
[2017-02-14 16:40:27.023] [INFO] crash-log - [32m[C:\Users\pengy\Documents\GitHub\serverChess\game-server\node_modules\.2.2.5@pomelo\lib\master\master.js] [39m[connector],[connector-server-2],[1487061627023],[disconnect]
[2017-02-14 16:40:27.045] [INFO] crash-log - [32m[C:\Users\pengy\Documents\GitHub\serverChess\game-server\node_modules\.2.2.5@pomelo\lib\master\master.js] [39m[connector],[connector-server-1],[1487061627045],[disconnect]
[2017-02-14 16:40:59.969] [INFO] crash-log - [32m[C:\Users\pengy\Documents\GitHub\serverChess\game-server\node_modules\.2.2.5@pomelo\lib\master\master.js] [39m[room],[room-server-3],[1487061659968],[disconnect]
[2017-02-14 16:40:59.988] [INFO] crash-log - [32m[C:\Users\pengy\Documents\GitHub\serverChess\game-server\node_modules\.2.2.5@pomelo\lib\master\master.js] [39m[room],[room-server-2],[1487061659988],[disconnect]
[2017-02-14 16:41:00.011] [INFO] crash-log - [32m[C:\Users\pengy\Documents\GitHub\serverChess\game-server\node_modules\.2.2.5@pomelo\lib\master\master.js] [39m[room],[room-server-1],[1487061660011],[disconnect]
[2017-02-14 16:41:00.036] [INFO] crash-log - [32m[C:\Users\pengy\Documents\GitHub\serverChess\game-server\node_modules\.2.2.5@pomelo\lib\master\master.js] [39m[auth],[auth-server-1],[1487061660036],[disconnect]
[2017-02-14 16:41:00.060] [INFO] crash-log - [32m[C:\Users\pengy\Documents\GitHub\serverChess\game-server\node_modules\.2.2.5@pomelo\lib\master\master.js] [39m[gate],[gate-server-1],[1487061660060],[disconnect]
[2017-02-14 16:41:00.069] [INFO] crash-log - [32m[C:\Users\pengy\Documents\GitHub\serverChess\game-server\node_modules\.2.2.5@pomelo\lib\master\master.js] [39m[chat],[chat-server-2],[1487061660069],[disconnect]
[2017-02-14 16:41:00.075] [INFO] crash-log - [32m[C:\Users\pengy\Documents\GitHub\serverChess\game-server\node_modules\.2.2.5@pomelo\lib\master\master.js] [39m[chat],[chat-server-3],[1487061660075],[disconnect]
[2017-02-14 16:41:00.088] [INFO] crash-log - [32m[C:\Users\pengy\Documents\GitHub\serverChess\game-server\node_modules\.2.2.5@pomelo\lib\master\master.js] [39m[chat],[chat-server-1],[1487061660088],[disconnect]
[2017-02-14 16:41:00.111] [INFO] crash-log - [32m[C:\Users\pengy\Documents\GitHub\serverChess\game-server\node_modules\.2.2.5@pomelo\lib\master\master.js] [39m[connector],[connector-server-3],[1487061660111],[disconnect]
[2017-02-14 16:41:00.135] [INFO] crash-log - [32m[C:\Users\pengy\Documents\GitHub\serverChess\game-server\node_modules\.2.2.5@pomelo\lib\master\master.js] [39m[connector],[connector-server-2],[1487061660135],[disconnect]
[2017-02-14 16:41:00.156] [INFO] crash-log - [32m[C:\Users\pengy\Documents\GitHub\serverChess\game-server\node_modules\.2.2.5@pomelo\lib\master\master.js] [39m[connector],[connector-server-1],[1487061660156],[disconnect]
[2017-02-14 16:43:09.465] [INFO] crash-log - [32m[C:\Users\pengy\Documents\GitHub\serverChess\game-server\node_modules\.2.2.5@pomelo\lib\master\master.js] [39m[room],[room-server-3],[1487061789465],[disconnect]
[2017-02-14 16:43:09.493] [INFO] crash-log - [32m[C:\Users\pengy\Documents\GitHub\serverChess\game-server\node_modules\.2.2.5@pomelo\lib\master\master.js] [39m[room],[room-server-2],[1487061789493],[disconnect]
[2017-02-14 16:43:09.512] [INFO] crash-log - [32m[C:\Users\pengy\Documents\GitHub\serverChess\game-server\node_modules\.2.2.5@pomelo\lib\master\master.js] [39m[room],[room-server-1],[1487061789512],[disconnect]
[2017-02-14 16:43:09.538] [INFO] crash-log - [32m[C:\Users\pengy\Documents\GitHub\serverChess\game-server\node_modules\.2.2.5@pomelo\lib\master\master.js] [39m[auth],[auth-server-1],[1487061789538],[disconnect]
[2017-02-14 16:43:09.564] [INFO] crash-log - [32m[C:\Users\pengy\Documents\GitHub\serverChess\game-server\node_modules\.2.2.5@pomelo\lib\master\master.js] [39m[gate],[gate-server-1],[1487061789564],[disconnect]
[2017-02-14 16:43:09.590] [INFO] crash-log - [32m[C:\Users\pengy\Documents\GitHub\serverChess\game-server\node_modules\.2.2.5@pomelo\lib\master\master.js] [39m[chat],[chat-server-3],[1487061789590],[disconnect]
[2017-02-14 16:43:09.612] [INFO] crash-log - [32m[C:\Users\pengy\Documents\GitHub\serverChess\game-server\node_modules\.2.2.5@pomelo\lib\master\master.js] [39m[chat],[chat-server-2],[1487061789612],[disconnect]
[2017-02-14 16:43:09.636] [INFO] crash-log - [32m[C:\Users\pengy\Documents\GitHub\serverChess\game-server\node_modules\.2.2.5@pomelo\lib\master\master.js] [39m[chat],[chat-server-1],[1487061789636],[disconnect]
[2017-02-14 16:43:09.662] [INFO] crash-log - [32m[C:\Users\pengy\Documents\GitHub\serverChess\game-server\node_modules\.2.2.5@pomelo\lib\master\master.js] [39m[connector],[connector-server-3],[1487061789662],[disconnect]
[2017-02-14 16:43:09.688] [INFO] crash-log - [32m[C:\Users\pengy\Documents\GitHub\serverChess\game-server\node_modules\.2.2.5@pomelo\lib\master\master.js] [39m[connector],[connector-server-2],[1487061789688],[disconnect]
[2017-02-14 16:43:09.712] [INFO] crash-log - [32m[C:\Users\pengy\Documents\GitHub\serverChess\game-server\node_modules\.2.2.5@pomelo\lib\master\master.js] [39m[connector],[connector-server-1],[1487061789712],[disconnect]
