[2017-02-07 14:44:33.690] [INFO] pomelo - [32m[C:\Users\pengy\Desktop\serverChess\game-server\node_modules\pomelo\lib\application.js] [39mapplication inited: "connector-server-1"
[2017-02-07 14:44:34.046] [INFO] pomelo - [32m[C:\Users\pengy\Desktop\serverChess\game-server\node_modules\pomelo\lib\application.js] [39m"connector-server-1" enter after start...
[2017-02-07 14:44:34.048] [INFO] pomelo - [32m[C:\Users\pengy\Desktop\serverChess\game-server\node_modules\pomelo\lib\application.js] [39m"connector-server-1" finish start
[2017-02-07 14:44:34.049] [INFO] pomelo - [32m[C:\Users\pengy\Desktop\serverChess\game-server\node_modules\pomelo\lib\application.js] [39m"connector-server-1" startup in 264 ms
[2017-02-07 14:52:46.398] [INFO] pomelo - [32m[C:\Users\pengy\Desktop\serverChess\game-server\node_modules\pomelo\lib\application.js] [39mapplication inited: "connector-server-1"
[2017-02-07 14:52:46.731] [INFO] pomelo - [32m[C:\Users\pengy\Desktop\serverChess\game-server\node_modules\pomelo\lib\application.js] [39m"connector-server-1" enter after start...
[2017-02-07 14:52:46.733] [INFO] pomelo - [32m[C:\Users\pengy\Desktop\serverChess\game-server\node_modules\pomelo\lib\application.js] [39m"connector-server-1" finish start
[2017-02-07 14:52:46.733] [INFO] pomelo - [32m[C:\Users\pengy\Desktop\serverChess\game-server\node_modules\pomelo\lib\application.js] [39m"connector-server-1" startup in 266 ms
[2017-02-07 14:52:58.718] [DEBUG] pomelo - [36m[C:\Users\pengy\Desktop\serverChess\game-server\node_modules\pomelo\lib\components\connector.js] [39m[connector-server-1] getSession session is created with session id: 1
[2017-02-07 14:52:58.725] [DEBUG] pomelo - [36m[C:\Users\pengy\Desktop\serverChess\game-server\node_modules\pomelo\lib\components\connector.js] [39m[connector-server-1] handleMessage session id: 1, msg: {"id":1,"type":0,"compressRoute":0,"route":"connector.entryHandler.entry","body":"hello pomelo","compressGzip":0}
[2017-02-07 14:52:58.727] [DEBUG] pomelo - [36m[C:\Users\pengy\Desktop\serverChess\game-server\node_modules\pomelo\lib\components\connector.js] [39m[connector-server-1] send message reqId: 1, route: connector.entryHandler.entry, msg: {"code":200,"msg":"game server is ok."}, receivers: [1], opts: {"type":"response","userOptions":{},"isResponse":true}
[2017-02-07 14:53:00.790] [DEBUG] pomelo - [36m[C:\Users\pengy\Desktop\serverChess\game-server\node_modules\pomelo\lib\components\connector.js] [39m[connector-server-1] getSession session is created with session id: 2
[2017-02-07 14:53:00.791] [DEBUG] pomelo - [36m[C:\Users\pengy\Desktop\serverChess\game-server\node_modules\pomelo\lib\components\connector.js] [39m[connector-server-1] handleMessage session id: 2, msg: {"id":2,"type":0,"compressRoute":0,"route":"connector.entryHandler.entry","body":"hello pomelo","compressGzip":0}
[2017-02-07 14:53:00.791] [DEBUG] pomelo - [36m[C:\Users\pengy\Desktop\serverChess\game-server\node_modules\pomelo\lib\components\connector.js] [39m[connector-server-1] send message reqId: 2, route: connector.entryHandler.entry, msg: {"code":200,"msg":"game server is ok."}, receivers: [2], opts: {"type":"response","userOptions":{},"isResponse":true}
[2017-02-07 14:53:03.468] [DEBUG] pomelo - [36m[C:\Users\pengy\Desktop\serverChess\game-server\node_modules\pomelo\lib\components\connector.js] [39m[connector-server-1] getSession session is created with session id: 3
[2017-02-07 14:53:03.469] [DEBUG] pomelo - [36m[C:\Users\pengy\Desktop\serverChess\game-server\node_modules\pomelo\lib\components\connector.js] [39m[connector-server-1] handleMessage session id: 3, msg: {"id":3,"type":0,"compressRoute":0,"route":"connector.entryHandler.entry","body":"hello pomelo","compressGzip":0}
[2017-02-07 14:53:03.469] [DEBUG] pomelo - [36m[C:\Users\pengy\Desktop\serverChess\game-server\node_modules\pomelo\lib\components\connector.js] [39m[connector-server-1] send message reqId: 3, route: connector.entryHandler.entry, msg: {"code":200,"msg":"game server is ok."}, receivers: [3], opts: {"type":"response","userOptions":{},"isResponse":true}
[2017-02-07 14:53:16.133] [DEBUG] pomelo - [36m[C:\Users\pengy\Desktop\serverChess\game-server\node_modules\pomelo\lib\common\service\sessionService.js] [39msession on [connector-server-1] is closed with session id: 2
[2017-02-07 14:53:16.134] [DEBUG] pomelo - [36m[C:\Users\pengy\Desktop\serverChess\game-server\node_modules\pomelo\lib\common\service\sessionService.js] [39msession on [connector-server-1] is closed with session id: 1
[2017-02-07 14:53:16.137] [DEBUG] pomelo - [36m[C:\Users\pengy\Desktop\serverChess\game-server\node_modules\pomelo\lib\common\service\sessionService.js] [39msession on [connector-server-1] is closed with session id: 3
[2017-02-07 14:53:35.988] [DEBUG] pomelo - [36m[C:\Users\pengy\Desktop\serverChess\game-server\node_modules\pomelo\lib\components\connector.js] [39m[connector-server-1] getSession session is created with session id: 4
[2017-02-07 14:53:35.989] [DEBUG] pomelo - [36m[C:\Users\pengy\Desktop\serverChess\game-server\node_modules\pomelo\lib\components\connector.js] [39m[connector-server-1] handleMessage session id: 4, msg: {"id":1,"type":0,"compressRoute":0,"route":"connector.entryHandler.entry","body":"hello pomelo","compressGzip":0}
[2017-02-07 14:53:35.989] [DEBUG] pomelo - [36m[C:\Users\pengy\Desktop\serverChess\game-server\node_modules\pomelo\lib\components\connector.js] [39m[connector-server-1] send message reqId: 1, route: connector.entryHandler.entry, msg: {"code":200,"msg":"game server is ok."}, receivers: [4], opts: {"type":"response","userOptions":{},"isResponse":true}
[2017-02-07 14:53:38.164] [DEBUG] pomelo - [36m[C:\Users\pengy\Desktop\serverChess\game-server\node_modules\pomelo\lib\components\connector.js] [39m[connector-server-1] getSession session is created with session id: 5
[2017-02-07 14:53:38.165] [DEBUG] pomelo - [36m[C:\Users\pengy\Desktop\serverChess\game-server\node_modules\pomelo\lib\components\connector.js] [39m[connector-server-1] handleMessage session id: 5, msg: {"id":2,"type":0,"compressRoute":0,"route":"connector.entryHandler.entry","body":"hello pomelo","compressGzip":0}
[2017-02-07 14:53:38.165] [DEBUG] pomelo - [36m[C:\Users\pengy\Desktop\serverChess\game-server\node_modules\pomelo\lib\components\connector.js] [39m[connector-server-1] send message reqId: 2, route: connector.entryHandler.entry, msg: {"code":200,"msg":"game server is ok."}, receivers: [5], opts: {"type":"response","userOptions":{},"isResponse":true}
[2017-02-07 14:53:40.532] [DEBUG] pomelo - [36m[C:\Users\pengy\Desktop\serverChess\game-server\node_modules\pomelo\lib\components\connector.js] [39m[connector-server-1] getSession session is created with session id: 6
[2017-02-07 14:53:40.535] [DEBUG] pomelo - [36m[C:\Users\pengy\Desktop\serverChess\game-server\node_modules\pomelo\lib\components\connector.js] [39m[connector-server-1] handleMessage session id: 6, msg: {"id":3,"type":0,"compressRoute":0,"route":"connector.entryHandler.entry","body":"hello pomelo","compressGzip":0}
[2017-02-07 14:53:40.535] [DEBUG] pomelo - [36m[C:\Users\pengy\Desktop\serverChess\game-server\node_modules\pomelo\lib\components\connector.js] [39m[connector-server-1] send message reqId: 3, route: connector.entryHandler.entry, msg: {"code":200,"msg":"game server is ok."}, receivers: [6], opts: {"type":"response","userOptions":{},"isResponse":true}
[2017-02-07 15:17:49.200] [DEBUG] pomelo - [36m[C:\Users\pengy\Desktop\serverChess\game-server\node_modules\pomelo\lib\common\service\sessionService.js] [39msession on [connector-server-1] is closed with session id: 4
[2017-02-07 15:17:49.201] [DEBUG] pomelo - [36m[C:\Users\pengy\Desktop\serverChess\game-server\node_modules\pomelo\lib\common\service\sessionService.js] [39msession on [connector-server-1] is closed with session id: 5
[2017-02-07 15:17:49.205] [DEBUG] pomelo - [36m[C:\Users\pengy\Desktop\serverChess\game-server\node_modules\pomelo\lib\common\service\sessionService.js] [39msession on [connector-server-1] is closed with session id: 6
